{"name": "Ручка /api/v1/orders", "status": "failed", "statusDetails": {"message": "AssertionError: assert 200 == 409\n +  where 200 = <Response [200]>.status_code", "trace": "self = <test_api.tests.test_list_orders.TestListOrders object at 0x0000027A8CB9FE20>\n\n    @allure.title(\"Ручка /api/v1/orders\")\n    @allure.description(\"Получаем список заказов и выводим значение, больше максимально требуемого\")\n    def test_get_list_orders_limit_50_error(self):\n        with allure.step('Запрос на получение списка заказов при выводе заказов на странице 50'):\n            responce = requests.get(URLS.URL_MAIN + URLS.URL_TAKE_LIST_ORDERS + \"?limit=50&page=0\")\n    \n        with allure.step('Проверки на статус и ответ'):\n>           assert responce.status_code == 409\nE           assert 200 == 409\nE            +  where 200 = <Response [200]>.status_code\n\ntest_api\\tests\\test_list_orders.py:38: AssertionError"}, "description": "Получаем список заказов и выводим значение, больше максимально требуемого", "steps": [{"name": "Запрос на получение списка заказов при выводе заказов на странице 50", "status": "passed", "start": 1710620290415, "stop": 1710620309913}, {"name": "Проверки на статус и ответ", "status": "failed", "statusDetails": {"message": "AssertionError: assert 200 == 409\n +  where 200 = <Response [200]>.status_code\n", "trace": "  File \"C:\\!Learning\\Yandex_auto\\qa_sprint_7\\test_api\\tests\\test_list_orders.py\", line 38, in test_get_list_orders_limit_50_error\n    assert responce.status_code == 409\n"}, "start": 1710620309913, "stop": 1710620309913}], "start": 1710620290415, "stop": 1710620309913, "uuid": "938c6bbd-8ddb-488b-9589-55c6c3533bfb", "historyId": "f21e5e537ab1d704092b3bf498a60233", "testCaseId": "f21e5e537ab1d704092b3bf498a60233", "fullName": "test_api.tests.test_list_orders.TestListOrders#test_get_list_orders_limit_50_error", "labels": [{"name": "parentSuite", "value": "test_api.tests"}, {"name": "suite", "value": "test_list_orders"}, {"name": "subSuite", "value": "TestListOrders"}, {"name": "host", "value": "LAPTOP-KS9V29SF"}, {"name": "thread", "value": "23412-MainThread"}, {"name": "framework", "value": "pytest"}, {"name": "language", "value": "cpython3"}, {"name": "package", "value": "test_api.tests.test_list_orders"}]}